10:12:22 **** Incremental Build of configuration Debug for project TestParser ****
make all 
Building target: TestParser
Invoking: GCC C Linker
gcc  -o "TestParser"  ./.metadata/.plugins/org.eclipse.cdt.managedbuilder.core/spec.o  ./.metadata/.plugins/org.eclipse.cdt.make.core/specs.o   -lbibliotecaC -lparser-ansisop -lcommons
/usr/bin/ld: no se puede encontrar -lbibliotecaC
collect2: error: ld returned 1 exit status
make: *** [TestParser] Error 1

10:12:22 Build Finished (took 114ms)

